<?xml version="1.0" encoding="UTF-8"?>
<testsuite xmlns:xsi="http://www.w3.org/2001/XMLSchema-instance" xsi:noNamespaceSchemaLocation="https://maven.apache.org/surefire/maven-surefire-plugin/xsd/surefire-test-report.xsd" name="LoginTestRunner" time="6.667" tests="6" errors="0" skipped="0" failures="0">
  <properties>
[...]
</properties>
  <testcase name="Example #1.1" classname="com.project.runners.LoginTestRunner" time="1.622"/>
  <testcase name="Example #1.1" classname="com.project.runners.LoginTestRunner" time="0.951"/>
  <testcase name="Example #1.1" classname="com.project.runners.LoginTestRunner" time="0.902"/>
  <testcase name="Example #1.2" classname="com.project.runners.LoginTestRunner" time="1.042"/>
  <testcase name="Example #1.2" classname="com.project.runners.LoginTestRunner" time="0.978"/>
  <testcase name="Example #1.2" classname="com.project.runners.LoginTestRunner" time="0.958"/>
</testsuite>